<?xml version="1.0" encoding="UTF-8"?>
<!-- Generated by org.testng.reporters.JUnitReportReporter -->
<testsuite hostname="LAPTOP-43356UN2" failures="0" tests="2" name="Pack1.TestNG22" time="0.024" errors="0" timestamp="2022-09-22T14:38:08 IST" skipped="0">
  <testcase classname="Pack1.TestNG22" name="test1" time="0.012"/>
  <system-out/>
  <testcase classname="Pack1.TestNG22" name="test2" time="0.012"/>
  <system-out/>
</testsuite> <!-- Pack1.TestNG22 -->
