<?xml version="1.0" encoding="UTF-8"?>
<!-- Generated by org.testng.reporters.JUnitReportReporter -->
<testsuite hostname="LAPTOP-43356UN2" failures="0" tests="4" name="Pack1.TestClassA11$TestNG22" time="0.021" errors="0" timestamp="2022-09-17T16:14:29 IST" skipped="0">
  <testcase classname="Pack1.TestClassA11$TestNG22" name="testB" time="0.003"/>
  <system-out/>
  <testcase classname="Pack1.TestClassA11$TestNG22" name="testA" time="0.011"/>
  <system-out/>
  <testcase classname="Pack1.TestClassA11$TestNG22" name="testC" time="0.003"/>
  <system-out/>
  <testcase classname="Pack1.TestClassA11$TestNG22" name="testD" time="0.004"/>
  <system-out/>
</testsuite> <!-- Pack1.TestClassA11$TestNG22 -->
