<?xml version="1.0" encoding="UTF-8"?>
<!-- Generated by org.testng.reporters.JUnitReportReporter -->
<testsuite hostname="LAPTOP-43356UN2" failures="0" tests="4" name="Pack1.TestClassB22$TestNG22" time="0.011" errors="0" timestamp="2022-09-17T16:14:29 IST" skipped="0">
  <testcase classname="Pack1.TestClassB22$TestNG22" name="test4" time="0.003"/>
  <system-out/>
  <testcase classname="Pack1.TestClassB22$TestNG22" name="test2" time="0.003"/>
  <system-out/>
  <testcase classname="Pack1.TestClassB22$TestNG22" name="test1" time="0.004"/>
  <system-out/>
  <testcase classname="Pack1.TestClassB22$TestNG22" name="test3" time="0.001"/>
  <system-out/>
</testsuite> <!-- Pack1.TestClassB22$TestNG22 -->
